<?xml version="1.0" encoding="UTF-8"?>
<!-- Generated by org.testng.reporters.JUnitReportReporter -->
<testsuite hostname="Rahul-Predator" failures="0" tests="3" name="Authentication.AuthenticationTest" time="8.923" errors="0" timestamp="2023-08-13T01:06:43 IST" skipped="0">
  <testcase classname="Authentication.AuthenticationTest" name="testBasicAuthentication" time="5.429"/>
  <testcase classname="Authentication.AuthenticationTest" name="testDigestiveAuthentication" time="1.861"/>
  <testcase classname="Authentication.AuthenticationTest" name="testPreemptiveAuthentication" time="1.633"/>
</testsuite> <!-- Authentication.AuthenticationTest -->
