<?xml version="1.0" encoding="UTF-8"?>
<!-- Generated by org.testng.reporters.JUnitReportReporter -->
<testsuite hostname="Rahul-Predator" failures="0" tests="1" name="FakerLibraryForRandomDataGeneration.RandomDataGeneration" time="0.629" errors="0" timestamp="2023-08-13T01:31:37 IST" skipped="0">
  <testcase classname="FakerLibraryForRandomDataGeneration.RandomDataGeneration" name="randomDataGenerate" time="0.629"/>
</testsuite> <!-- FakerLibraryForRandomDataGeneration.RandomDataGeneration -->
