<?xml version="1.0" encoding="UTF-8"?>
<!-- Generated by org.testng.reporters.JUnitReportReporter -->
<testsuite hostname="Rahul-Predator" failures="0" tests="1" name="ParsingXML.parsingXMLResponse" time="3.611" errors="0" timestamp="2023-08-12T03:42:27 IST" skipped="0">
  <testcase classname="ParsingXML.parsingXMLResponse" name="testXMLResponseVariableAdv" time="3.611"/>
</testsuite> <!-- ParsingXML.parsingXMLResponse -->
