<?xml version="1.0" encoding="UTF-8"?>
<!-- Generated by org.testng.reporters.JUnitReportReporter -->
<testsuite hostname="Rahul-Predator" failures="0" tests="4" name="RestAssuredTest.HttpRequests" time="3.292" errors="0" timestamp="2023-08-08T21:39:14 IST" skipped="0">
  <testcase classname="RestAssuredTest.HttpRequests" name="getUsers" time="1.910"/>
  <testcase classname="RestAssuredTest.HttpRequests" name="createUser" time="0.607"/>
  <testcase classname="RestAssuredTest.HttpRequests" name="UpdateUser" time="0.386"/>
  <testcase classname="RestAssuredTest.HttpRequests" name="deleteUser" time="0.389"/>
</testsuite> <!-- RestAssuredTest.HttpRequests -->
