<?xml version="1.0" encoding="UTF-8"?>
<!-- Generated by org.testng.reporters.JUnitReportReporter -->
<testsuite hostname="Rahul-Predator" failures="0" tests="1" name="PathAndQueryParams.loggingDemo" time="2.628" errors="0" timestamp="2023-08-12T01:40:18 IST" skipped="0">
  <testcase classname="PathAndQueryParams.loggingDemo" name="testLogs" time="2.628"/>
</testsuite> <!-- PathAndQueryParams.loggingDemo -->
