<?xml version="1.0" encoding="UTF-8"?>
<!-- Generated by org.testng.reporters.JUnitReportReporter -->
<testsuite hostname="Rahul-Predator" failures="0" tests="1" name="SerialisationAndDeserialisation.SerialiseAndDeserialise" time="0.187" errors="0" timestamp="2023-08-12T17:05:26 IST" skipped="0">
  <testcase classname="SerialisationAndDeserialisation.SerialiseAndDeserialise" name="convertJson2Pojo" time="0.187"/>
</testsuite> <!-- SerialisationAndDeserialisation.SerialiseAndDeserialise -->
