<?xml version="1.0" encoding="UTF-8"?>
<!-- Generated by org.testng.reporters.JUnitReportReporter -->
<testsuite hostname="Rahul-Predator" failures="0" tests="1" name="PathAndQueryParams.HeaderDemo" time="1.423" errors="0" timestamp="2023-08-11T23:28:18 IST" skipped="0">
  <testcase classname="PathAndQueryParams.HeaderDemo" name="getHeaders" time="1.423"/>
</testsuite> <!-- PathAndQueryParams.HeaderDemo -->
