<?xml version="1.0" encoding="UTF-8"?>
<!-- Generated by org.testng.reporters.JUnitReportReporter -->
<testsuite hostname="Rahul-Predator" failures="0" tests="2" name="RestAssuredTest.WaystoCreateRequestBody" time="1.914" errors="0" timestamp="2023-08-11T22:10:22 IST" skipped="0">
  <testcase classname="RestAssuredTest.WaystoCreateRequestBody" name="testPostUsingExternalJson" time="1.846"/>
  <testcase classname="RestAssuredTest.WaystoCreateRequestBody" name="testDelete" time="0.068"/>
</testsuite> <!-- RestAssuredTest.WaystoCreateRequestBody -->
