<?xml version="1.0" encoding="UTF-8"?>
<!-- Generated by org.testng.reporters.JUnitReportReporter -->
<testsuite hostname="Rahul-Predator" failures="0" tests="1" name="PathAndQueryParams.PathAndQueryParameters" time="1.564" errors="0" timestamp="2023-08-11T22:59:59 IST" skipped="0">
  <testcase classname="PathAndQueryParams.PathAndQueryParameters" name="testQueryAndPathParameters" time="1.564"/>
</testsuite> <!-- PathAndQueryParams.PathAndQueryParameters -->
